# JRE version: Java(TM) SE Runtime Environment (7.0_60-b19) (build 1.7.0_60-b19)
# Java VM: Java HotSpot(TM) 64-Bit Server VM (24.60-b09 mixed mode linux-amd64 compressed oops)
Heap
 PSYoungGen      total 17408K, used 13456K [0x00000000ed080000, 0x00000000ef280000, 0x0000000100000000)
  eden space 15360K, 74% used [0x00000000ed080000,0x00000000edba83e0,0x00000000edf80000)
  from space 2048K, 99% used [0x00000000ee180000,0x00000000ee37c010,0x00000000ee380000)
  to   space 2048K, 0% used [0x00000000edf80000,0x00000000edf80000,0x00000000ee180000)
 ParOldGen       total 38400K, used 4989K [0x00000000c7200000, 0x00000000c9780000, 0x00000000ed080000)
  object space 38400K, 12% used [0x00000000c7200000,0x00000000c76df7c0,0x00000000c9780000)
 PSPermGen       total 21504K, used 11977K [0x00000000c2000000, 0x00000000c3500000, 0x00000000c7200000)
  object space 21504K, 55% used [0x00000000c2000000,0x00000000c2bb25b0,0x00000000c3500000)
GC Heap History (4 events):
Event: 0.913 GC heap before
{Heap before GC invocations=1 (full 0):
 PSYoungGen      total 17408K, used 15360K [0x00000000ed080000, 0x00000000ee380000, 0x0000000100000000)
  eden space 15360K, 100% used [0x00000000ed080000,0x00000000edf80000,0x00000000edf80000)
  from space 2048K, 0% used [0x00000000ee180000,0x00000000ee180000,0x00000000ee380000)
  to   space 2048K, 0% used [0x00000000edf80000,0x00000000edf80000,0x00000000ee180000)
 ParOldGen       total 38400K, used 0K [0x00000000c7200000, 0x00000000c9780000, 0x00000000ed080000)
  object space 38400K, 0% used [0x00000000c7200000,0x00000000c7200000,0x00000000c9780000)
 PSPermGen       total 21504K, used 7735K [0x00000000c2000000, 0x00000000c3500000, 0x00000000c7200000)
  object space 21504K, 35% used [0x00000000c2000000,0x00000000c278de80,0x00000000c3500000)
Event: 0.922 GC heap after
Heap after GC invocations=1 (full 0):
 PSYoungGen      total 17408K, used 2032K [0x00000000ed080000, 0x00000000ee380000, 0x0000000100000000)
  eden space 15360K, 0% used [0x00000000ed080000,0x00000000ed080000,0x00000000edf80000)
  from space 2048K, 99% used [0x00000000edf80000,0x00000000ee17c030,0x00000000ee180000)
  to   space 2048K, 0% used [0x00000000ee180000,0x00000000ee180000,0x00000000ee380000)
 ParOldGen       total 38400K, used 2534K [0x00000000c7200000, 0x00000000c9780000, 0x00000000ed080000)
  object space 38400K, 6% used [0x00000000c7200000,0x00000000c7479888,0x00000000c9780000)
 PSPermGen       total 21504K, used 7735K [0x00000000c2000000, 0x00000000c3500000, 0x00000000c7200000)
  object space 21504K, 35% used [0x00000000c2000000,0x00000000c278de80,0x00000000c3500000)
}
Event: 1.545 GC heap before
{Heap before GC invocations=2 (full 0):
 PSYoungGen      total 17408K, used 17392K [0x00000000ed080000, 0x00000000ee380000, 0x0000000100000000)
  eden space 15360K, 100% used [0x00000000ed080000,0x00000000edf80000,0x00000000edf80000)
  from space 2048K, 99% used [0x00000000edf80000,0x00000000ee17c030,0x00000000ee180000)
  to   space 2048K, 0% used [0x00000000ee180000,0x00000000ee180000,0x00000000ee380000)
 ParOldGen       total 38400K, used 2534K [0x00000000c7200000, 0x00000000c9780000, 0x00000000ed080000)
  object space 38400K, 6% used [0x00000000c7200000,0x00000000c7479888,0x00000000c9780000)
 PSPermGen       total 21504K, used 10516K [0x00000000c2000000, 0x00000000c3500000, 0x00000000c7200000)
  object space 21504K, 48% used [0x00000000c2000000,0x00000000c2a452c8,0x00000000c3500000)
Event: 1.558 GC heap after
Heap after GC invocations=2 (full 0):
 PSYoungGen      total 17408K, used 2032K [0x00000000ed080000, 0x00000000ef280000, 0x0000000100000000)
  eden space 15360K, 0% used [0x00000000ed080000,0x00000000ed080000,0x00000000edf80000)
  from space 2048K, 99% used [0x00000000ee180000,0x00000000ee37c010,0x00000000ee380000)
  to   space 2048K, 0% used [0x00000000edf80000,0x00000000edf80000,0x00000000ee180000)
 ParOldGen       total 38400K, used 4989K [0x00000000c7200000, 0x00000000c9780000, 0x00000000ed080000)
  object space 38400K, 12% used [0x00000000c7200000,0x00000000c76df7c0,0x00000000c9780000)
 PSPermGen       total 21504K, used 10516K [0x00000000c2000000, 0x00000000c3500000, 0x00000000c7200000)
  object space 21504K, 48% used [0x00000000c2000000,0x00000000c2a452c8,0x00000000c3500000)
}

